c:\users\wmharris\documents\visual studio 2012\projects\opengl_freeglut1\opengl_freeglut1\debug\source.obj
c:\users\wmharris\documents\visual studio 2012\projects\opengl_freeglut1\opengl_freeglut1\debug\vc110.pdb
c:\users\wmharris\documents\visual studio 2012\projects\opengl_freeglut1\debug\opengl_freeglut1.ilk
c:\users\wmharris\documents\visual studio 2012\projects\opengl_freeglut1\debug\opengl_freeglut1.exe
c:\users\wmharris\documents\visual studio 2012\projects\opengl_freeglut1\debug\opengl_freeglut1.pdb
\\banner.main.ad.rit.edu\students\nai7804\igmprofile\desktop\dsa_hw2_redone\dsa_hw2_redone\dsa_hw2_redone\opengl_freeglut1\opengl_freeglut1\debug\vc120.pdb
\\banner.main.ad.rit.edu\students\nai7804\igmprofile\desktop\dsa_hw2_redone\dsa_hw2_redone\dsa_hw2_redone\opengl_freeglut1\opengl_freeglut1\debug\vc120.idb
\\banner.main.ad.rit.edu\students\nai7804\igmprofile\desktop\dsa_hw2_redone\dsa_hw2_redone\dsa_hw2_redone\opengl_freeglut1\opengl_freeglut1\debug\entity.obj
\\banner.main.ad.rit.edu\students\nai7804\igmprofile\desktop\dsa_hw2_redone\dsa_hw2_redone\dsa_hw2_redone\opengl_freeglut1\opengl_freeglut1\debug\shaderhelpers.obj
\\banner.main.ad.rit.edu\students\nai7804\igmprofile\desktop\dsa_hw2_redone\dsa_hw2_redone\dsa_hw2_redone\opengl_freeglut1\opengl_freeglut1\debug\shape.obj
\\banner.main.ad.rit.edu\students\nai7804\igmprofile\desktop\dsa_hw2_redone\dsa_hw2_redone\dsa_hw2_redone\opengl_freeglut1\opengl_freeglut1\debug\source.obj
\\banner.main.ad.rit.edu\students\nai7804\igmprofile\desktop\dsa_hw2_redone\opengl_freeglut1\opengl_freeglut1\debug\vc120.pdb
\\banner.main.ad.rit.edu\students\nai7804\igmprofile\desktop\dsa_hw2_redone\opengl_freeglut1\opengl_freeglut1\debug\vc120.idb
\\banner.main.ad.rit.edu\students\nai7804\igmprofile\desktop\dsa_hw2_redone\opengl_freeglut1\opengl_freeglut1\debug\entity.obj
\\banner.main.ad.rit.edu\students\nai7804\igmprofile\desktop\dsa_hw2_redone\opengl_freeglut1\opengl_freeglut1\debug\shaderhelpers.obj
\\banner.main.ad.rit.edu\students\nai7804\igmprofile\desktop\dsa_hw2_redone\opengl_freeglut1\opengl_freeglut1\debug\shape.obj
\\banner.main.ad.rit.edu\students\nai7804\igmprofile\desktop\dsa_hw2_redone\opengl_freeglut1\opengl_freeglut1\debug\source.obj
c:\users\gamen_000\desktop\dsa_project2\dsa_project2\opengl_freeglut1\opengl_freeglut1\debug\vc120.pdb
c:\users\gamen_000\desktop\dsa_project2\dsa_project2\opengl_freeglut1\opengl_freeglut1\debug\vc120.idb
c:\users\gamen_000\desktop\dsa_project2\dsa_project2\opengl_freeglut1\opengl_freeglut1\debug\entity.obj
c:\users\gamen_000\desktop\dsa_project2\dsa_project2\opengl_freeglut1\opengl_freeglut1\debug\shaderhelpers.obj
c:\users\gamen_000\desktop\dsa_project2\dsa_project2\opengl_freeglut1\opengl_freeglut1\debug\shape.obj
c:\users\gamen_000\desktop\dsa_project2\dsa_project2\opengl_freeglut1\opengl_freeglut1\debug\source.obj
\\banner.main.ad.rit.edu\students\nai7804\igmprofile\desktop\dsa_hw2_redone\dsa_hw2_redone\dsa_hw2_redone\opengl_freeglut1\debug\opengl_freeglut1.ilk
\\banner.main.ad.rit.edu\students\nai7804\igmprofile\desktop\dsa_hw2_redone\dsa_hw2_redone\dsa_hw2_redone\opengl_freeglut1\debug\opengl_freeglut1.exe
\\banner.main.ad.rit.edu\students\nai7804\igmprofile\desktop\dsa_hw2_redone\dsa_hw2_redone\dsa_hw2_redone\opengl_freeglut1\debug\opengl_freeglut1.pdb
\\banner.main.ad.rit.edu\students\nai7804\igmprofile\desktop\dsa_hw2_redone\opengl_freeglut1\debug\opengl_freeglut1.ilk
\\banner.main.ad.rit.edu\students\nai7804\igmprofile\desktop\dsa_hw2_redone\opengl_freeglut1\debug\opengl_freeglut1.exe
\\banner.main.ad.rit.edu\students\nai7804\igmprofile\desktop\dsa_hw2_redone\opengl_freeglut1\debug\opengl_freeglut1.pdb
c:\users\gamen_000\desktop\dsa_project2\dsa_project2\opengl_freeglut1\debug\opengl_freeglut1.ilk
c:\users\gamen_000\desktop\dsa_project2\dsa_project2\opengl_freeglut1\debug\opengl_freeglut1.exe
c:\users\gamen_000\desktop\dsa_project2\dsa_project2\opengl_freeglut1\debug\opengl_freeglut1.pdb
c:\users\gamen_000\desktop\dsa_project2\dsa_project2\opengl_freeglut1\opengl_freeglut1\debug\cl.command.1.tlog
c:\users\gamen_000\desktop\dsa_project2\dsa_project2\opengl_freeglut1\opengl_freeglut1\debug\cl.read.1.tlog
c:\users\gamen_000\desktop\dsa_project2\dsa_project2\opengl_freeglut1\opengl_freeglut1\debug\cl.write.1.tlog
c:\users\gamen_000\desktop\dsa_project2\dsa_project2\opengl_freeglut1\opengl_freeglut1\debug\link-cvtres.read.1.tlog
c:\users\gamen_000\desktop\dsa_project2\dsa_project2\opengl_freeglut1\opengl_freeglut1\debug\link-cvtres.write.1.tlog
c:\users\gamen_000\desktop\dsa_project2\dsa_project2\opengl_freeglut1\opengl_freeglut1\debug\link-rc.read.1.tlog
c:\users\gamen_000\desktop\dsa_project2\dsa_project2\opengl_freeglut1\opengl_freeglut1\debug\link-rc.write.1.tlog
c:\users\gamen_000\desktop\dsa_project2\dsa_project2\opengl_freeglut1\opengl_freeglut1\debug\link.command.1.tlog
c:\users\gamen_000\desktop\dsa_project2\dsa_project2\opengl_freeglut1\opengl_freeglut1\debug\link.read.1.tlog
c:\users\gamen_000\desktop\dsa_project2\dsa_project2\opengl_freeglut1\opengl_freeglut1\debug\link.write.1.tlog
c:\users\gamen_000\desktop\dsa_project2\dsa_project2\opengl_freeglut1\opengl_freeglut1\debug\vc110.idb
c:\users\gamen_000\desktop\dsa_project2\dsa_project2\opengl_freeglut1\opengl_freeglut1\debug\vc110.pdb
c:\users\gamen_000\desktop\dsa_project2\dsa_project2\opengl_freeglut1\opengl_freeglut1\debug\opengl_freeglut1.tlog\cl.command.1.tlog
c:\users\gamen_000\desktop\dsa_project2\dsa_project2\opengl_freeglut1\opengl_freeglut1\debug\opengl_freeglut1.tlog\cl.read.1.tlog
c:\users\gamen_000\desktop\dsa_project2\dsa_project2\opengl_freeglut1\opengl_freeglut1\debug\opengl_freeglut1.tlog\cl.write.1.tlog
c:\users\gamen_000\desktop\dsa_project2\dsa_project2\opengl_freeglut1\opengl_freeglut1\debug\opengl_freeglut1.tlog\link.command.1.tlog
c:\users\gamen_000\desktop\dsa_project2\dsa_project2\opengl_freeglut1\opengl_freeglut1\debug\opengl_freeglut1.tlog\link.read.1.tlog
c:\users\gamen_000\desktop\dsa_project2\dsa_project2\opengl_freeglut1\opengl_freeglut1\debug\opengl_freeglut1.tlog\link.write.1.tlog
